-- Found ament_cmake: 1.3.11 (/opt/ros/humble/share/ament_cmake/cmake)
-- Found ament_lint_auto: 0.12.12 (/opt/ros/humble/share/ament_lint_auto/cmake)
-- Found geometry_msgs: 4.9.0 (/opt/ros/humble/share/geometry_msgs/cmake)
-- Found rosidl_generator_c: 3.1.6 (/opt/ros/humble/share/rosidl_generator_c/cmake)
-- Found rosidl_adapter: 3.1.6 (/opt/ros/humble/share/rosidl_adapter/cmake)
-- Found rosidl_generator_cpp: 3.1.6 (/opt/ros/humble/share/rosidl_generator_cpp/cmake)
-- Using all available rosidl_typesupport_c: rosidl_typesupport_fastrtps_c;rosidl_typesupport_introspection_c
-- Using all available rosidl_typesupport_cpp: rosidl_typesupport_fastrtps_cpp;rosidl_typesupport_introspection_cpp
-- Found rosidl_default_generators: 1.2.0 (/opt/ros/humble/share/rosidl_default_generators/cmake)
-- Found ament_cmake_ros: 0.10.0 (/opt/ros/humble/share/ament_cmake_ros/cmake)
-- Using all available rosidl_typesupport_c: rosidl_typesupport_fastrtps_c;rosidl_typesupport_introspection_c
-- Using all available rosidl_typesupport_cpp: rosidl_typesupport_fastrtps_cpp;rosidl_typesupport_introspection_cpp
-- Found PythonInterp: /usr/bin/python3 (found suitable version "3.10.12", minimum required is "3.6") 
-- Found python_cmake_module: 0.10.0 (/opt/ros/humble/share/python_cmake_module/cmake)
-- Found PythonLibs: /usr/lib/x86_64-linux-gnu/libpython3.10.so (found suitable version "3.10.12", minimum required is "3.5") 
-- Using PYTHON_EXECUTABLE: /usr/bin/python3
-- Using PYTHON_INCLUDE_DIRS: /usr/include/python3.10
-- Using PYTHON_LIBRARIES: /usr/lib/x86_64-linux-gnu/libpython3.10.so
-- Found PythonExtra: .so  
-- Added test 'lint_cmake' to check CMake code style
-- Added test 'xmllint' to check XML markup files
-- Configuring done
-- Generating done
-- Build files have been written to: /home/vboxuser/robot/workdown/workdown_ws/build/aim_interfaces
[  3%] [34m[1mGenerating C code for ROS interfaces[0m
[  6%] [34m[1mGenerating C++ code for ROS interfaces[0m
[  6%] Built target ament_cmake_python_copy_aim_interfaces
running egg_info
creating aim_interfaces.egg-info
writing aim_interfaces.egg-info/PKG-INFO
writing dependency_links to aim_interfaces.egg-info/dependency_links.txt
writing top-level names to aim_interfaces.egg-info/top_level.txt
writing manifest file 'aim_interfaces.egg-info/SOURCES.txt'
reading manifest file 'aim_interfaces.egg-info/SOURCES.txt'
writing manifest file 'aim_interfaces.egg-info/SOURCES.txt'
[  9%] [32mBuilding C object CMakeFiles/aim_interfaces__rosidl_generator_c.dir/rosidl_generator_c/aim_interfaces/msg/detail/aim_info__functions.c.o[0m
[  9%] Built target aim_interfaces__cpp
[ 12%] [34m[1mGenerating C++ type support dispatch for ROS interfaces[0m
In file included from [01m[K/home/vboxuser/robot/workdown/workdown_ws/build/aim_interfaces/rosidl_generator_c/aim_interfaces/msg/detail/aim_info__functions.h:19[m[K,
                 from [01m[K/home/vboxuser/robot/workdown/workdown_ws/build/aim_interfaces/rosidl_generator_c/aim_interfaces/msg/detail/aim_info__functions.c:4[m[K:
[01m[K/home/vboxuser/robot/workdown/workdown_ws/build/aim_interfaces/rosidl_generator_c/aim_interfaces/msg/detail/aim_info__struct.h:23:10:[m[K [01;31m[Kfatal error: [m[Kaim_interfaces/msg/detail/int16__struct.h: 没有那个文件或目录
   23 | #include [01;31m[K"aim_interfaces/msg/detail/int16__struct.h"[m[K
      |          [01;31m[K^~~~~~~~~~~~~~~~~~~~~~~~~~~~~~~~~~~~~~~~~~~[m[K
compilation terminated.
[ 16%] [34m[1mGenerating C++ introspection for ROS interfaces[0m
gmake[2]: *** [CMakeFiles/aim_interfaces__rosidl_generator_c.dir/build.make:167：CMakeFiles/aim_interfaces__rosidl_generator_c.dir/rosidl_generator_c/aim_interfaces/msg/detail/aim_info__functions.c.o] 错误 1
gmake[1]: *** [CMakeFiles/Makefile2:213：CMakeFiles/aim_interfaces__rosidl_generator_c.dir/all] 错误 2
gmake[1]: *** 正在等待未完成的任务....
[ 16%] Built target ament_cmake_python_build_aim_interfaces_egg
[ 19%] [32mBuilding CXX object CMakeFiles/aim_interfaces__rosidl_typesupport_cpp.dir/rosidl_typesupport_cpp/aim_interfaces/msg/aim_info__type_support.cpp.o[0m
[ 22%] [32mBuilding CXX object CMakeFiles/aim_interfaces__rosidl_typesupport_introspection_cpp.dir/rosidl_typesupport_introspection_cpp/aim_interfaces/msg/detail/aim_info__type_support.cpp.o[0m
In file included from [01m[K/home/vboxuser/robot/workdown/workdown_ws/build/aim_interfaces/rosidl_typesupport_cpp/aim_interfaces/msg/aim_info__type_support.cpp:7[m[K:
[01m[K/home/vboxuser/robot/workdown/workdown_ws/build/aim_interfaces/rosidl_generator_cpp/aim_interfaces/msg/detail/aim_info__struct.hpp:21:10:[m[K [01;31m[Kfatal error: [m[Kaim_interfaces/msg/detail/int16__struct.hpp: 没有那个文件或目录
   21 | #include [01;31m[K"aim_interfaces/msg/detail/int16__struct.hpp"[m[K
      |          [01;31m[K^~~~~~~~~~~~~~~~~~~~~~~~~~~~~~~~~~~~~~~~~~~~~[m[K
compilation terminated.
gmake[2]: *** [CMakeFiles/aim_interfaces__rosidl_typesupport_cpp.dir/build.make:148：CMakeFiles/aim_interfaces__rosidl_typesupport_cpp.dir/rosidl_typesupport_cpp/aim_interfaces/msg/aim_info__type_support.cpp.o] 错误 1
gmake[1]: *** [CMakeFiles/Makefile2:395：CMakeFiles/aim_interfaces__rosidl_typesupport_cpp.dir/all] 错误 2
In file included from [01m[K/home/vboxuser/robot/workdown/workdown_ws/build/aim_interfaces/rosidl_typesupport_introspection_cpp/aim_interfaces/msg/detail/aim_info__type_support.cpp:12[m[K:
[01m[K/home/vboxuser/robot/workdown/workdown_ws/build/aim_interfaces/rosidl_generator_cpp/aim_interfaces/msg/detail/aim_info__struct.hpp:21:10:[m[K [01;31m[Kfatal error: [m[Kaim_interfaces/msg/detail/int16__struct.hpp: 没有那个文件或目录
   21 | #include [01;31m[K"aim_interfaces/msg/detail/int16__struct.hpp"[m[K
      |          [01;31m[K^~~~~~~~~~~~~~~~~~~~~~~~~~~~~~~~~~~~~~~~~~~~~[m[K
compilation terminated.
gmake[2]: *** [CMakeFiles/aim_interfaces__rosidl_typesupport_introspection_cpp.dir/build.make:153：CMakeFiles/aim_interfaces__rosidl_typesupport_introspection_cpp.dir/rosidl_typesupport_introspection_cpp/aim_interfaces/msg/detail/aim_info__type_support.cpp.o] 错误 1
gmake[1]: *** [CMakeFiles/Makefile2:369：CMakeFiles/aim_interfaces__rosidl_typesupport_introspection_cpp.dir/all] 错误 2
gmake: *** [Makefile:146：all] 错误 2
