[0.022s] Invoking command in '/home/vboxuser/robot/workdown/workdown_ws/build/image_topic': AMENT_PREFIX_PATH=/home/vboxuser/robot/workdown/workdown_ws/install/aim_interfaces:${AMENT_PREFIX_PATH} CMAKE_PREFIX_PATH=/home/vboxuser/robot/workdown/workdown_ws/install/aim_interfaces:/opt/ros/humble LD_LIBRARY_PATH=/home/vboxuser/robot/workdown/workdown_ws/install/aim_interfaces/lib:${LD_LIBRARY_PATH} PYTHONPATH=/home/vboxuser/robot/workdown/workdown_ws/install/aim_interfaces/local/lib/python3.10/dist-packages:${PYTHONPATH} /usr/bin/cmake --build /home/vboxuser/robot/workdown/workdown_ws/build/image_topic -- -j4 -l4
[0.106s] [35m[1mConsolidate compiler generated dependencies of target Image_Topic_Publisher[0m
[0.107s] [35m[1mConsolidate compiler generated dependencies of target Image_Topic_Subscribe[0m
[0.120s] [ 25%] [32mBuilding CXX object CMakeFiles/Image_Topic_Subscribe.dir/src/subscribe.cpp.o[0m
[0.122s] [ 50%] [32mBuilding CXX object CMakeFiles/Image_Topic_Publisher.dir/src/publisher.cpp.o[0m
[2.778s] [01m[K/home/vboxuser/robot/workdown/workdown_ws/image_topic/src/subscribe.cpp:13:55:[m[K [01;31m[Kerror: [m[Kinvalid use of qualified-name ‚Äò[01m[Kstd::shared_ptr<rclcpp::Node>::aim_target[m[K‚Äô
[2.778s]    13 |     rclcpp::Subscription<aim_interfaces::msg::AimInfo>[01;31m[KSharedPtr[m[K::aim_target;
[2.778s]       |                                                       [01;31m[K^~~~~~~~~[m[K
[2.787s] [01m[K/home/vboxuser/robot/workdown/workdown_ws/image_topic/src/subscribe.cpp:[m[K In constructor ‚Äò[01m[KImageTopicSubscribe::ImageTopicSubscribe(std::string)[m[K‚Äô:
[2.787s] [01m[K/home/vboxuser/robot/workdown/workdown_ws/image_topic/src/subscribe.cpp:9:9:[m[K [01;31m[Kerror: [m[K‚Äò[01m[Kaim_target[m[K‚Äô was not declared in this scope
[2.787s]     9 |         [01;31m[Kaim_target[m[K = this->create_subscription<aim_interfaces::msg::AimInfo>("aim",10);
[2.787s]       |         [01;31m[K^~~~~~~~~~[m[K
[2.787s] [01m[K/home/vboxuser/robot/workdown/workdown_ws/image_topic/src/subscribe.cpp:9:77:[m[K [01;31m[Kerror: [m[Kno matching function for call to ‚Äò[01m[KImageTopicSubscribe::create_subscription<aim_interfaces::msg::AimInfo>(const char [4], int)[m[K‚Äô
[2.787s]     9 |         aim_target = [01;31m[Kthis->create_subscription<aim_interfaces::msg::AimInfo>("aim",10)[m[K;
[2.787s]       |                      [01;31m[K~~~~~~~~~~~~~~~~~~~~~~~~~~~~~~~~~~~~~~~~~~~~~~~~~~~~~~~^~~~~~~~~~[m[K
[2.800s] In file included from [01m[K/opt/ros/humble/include/rclcpp/rclcpp/executors/single_threaded_executor.hpp:28[m[K,
[2.800s]                  from [01m[K/opt/ros/humble/include/rclcpp/rclcpp/executors.hpp:22[m[K,
[2.800s]                  from [01m[K/opt/ros/humble/include/rclcpp/rclcpp/rclcpp.hpp:155[m[K,
[2.800s]                  from [01m[K/home/vboxuser/robot/workdown/workdown_ws/image_topic/src/subscribe.cpp:1[m[K:
[2.800s] [01m[K/opt/ros/humble/include/rclcpp/rclcpp/node.hpp:219:3:[m[K [01;36m[Knote: [m[Kcandidate: ‚Äò[01m[Ktemplate<class MessageT, class CallbackT, class AllocatorT, class SubscriptionT, class MessageMemoryStrategyT> std::shared_ptr<ROSMessageT> rclcpp::Node::create_subscription(const string&, const rclcpp::QoS&, CallbackT&&, const rclcpp::SubscriptionOptionsWithAllocator<AllocatorT>&, typename MessageMemoryStrategyT::SharedPtr)[m[K‚Äô
[2.800s]   219 |   [01;36m[Kcreate_subscription[m[K(
[2.800s]       |   [01;36m[K^~~~~~~~~~~~~~~~~~~[m[K
[2.800s] [01m[K/opt/ros/humble/include/rclcpp/rclcpp/node.hpp:219:3:[m[K [01;36m[Knote: [m[K  template argument deduction/substitution failed:
[2.805s] [01m[K/home/vboxuser/robot/workdown/workdown_ws/image_topic/src/subscribe.cpp:9:77:[m[K [01;36m[Knote: [m[K  candidate expects 5 arguments, 2 provided
[2.806s]     9 |         aim_target = [01;36m[Kthis->create_subscription<aim_interfaces::msg::AimInfo>("aim",10)[m[K;
[2.806s]       |                      [01;36m[K~~~~~~~~~~~~~~~~~~~~~~~~~~~~~~~~~~~~~~~~~~~~~~~~~~~~~~~^~~~~~~~~~[m[K
[3.296s] gmake[2]: *** [CMakeFiles/Image_Topic_Subscribe.dir/build.make:76ÔºöCMakeFiles/Image_Topic_Subscribe.dir/src/subscribe.cpp.o] ÈîôËØØ 1
[3.297s] gmake[1]: *** [CMakeFiles/Makefile2:165ÔºöCMakeFiles/Image_Topic_Subscribe.dir/all] ÈîôËØØ 2
[3.297s] gmake[1]: *** Ê≠£Âú®Á≠âÂæÖÊú™ÂÆåÊàêÁöÑ‰ªªÂä°....
[4.462s] [ 75%] [32m[1mLinking CXX executable Image_Topic_Publisher[0m
[4.681s] [ 75%] Built target Image_Topic_Publisher
[4.683s] gmake: *** [Makefile:146Ôºöall] ÈîôËØØ 2
[4.689s] Invoked command in '/home/vboxuser/robot/workdown/workdown_ws/build/image_topic' returned '2': AMENT_PREFIX_PATH=/home/vboxuser/robot/workdown/workdown_ws/install/aim_interfaces:${AMENT_PREFIX_PATH} CMAKE_PREFIX_PATH=/home/vboxuser/robot/workdown/workdown_ws/install/aim_interfaces:/opt/ros/humble LD_LIBRARY_PATH=/home/vboxuser/robot/workdown/workdown_ws/install/aim_interfaces/lib:${LD_LIBRARY_PATH} PYTHONPATH=/home/vboxuser/robot/workdown/workdown_ws/install/aim_interfaces/local/lib/python3.10/dist-packages:${PYTHONPATH} /usr/bin/cmake --build /home/vboxuser/robot/workdown/workdown_ws/build/image_topic -- -j4 -l4
