[0.020s] Invoking command in '/home/vboxuser/robot/workdown/workdown_ws/build/image_topic': AMENT_PREFIX_PATH=/home/vboxuser/robot/workdown/workdown_ws/install/aim_interfaces:${AMENT_PREFIX_PATH} CMAKE_PREFIX_PATH=/home/vboxuser/robot/workdown/workdown_ws/install/aim_interfaces:/opt/ros/humble LD_LIBRARY_PATH=/home/vboxuser/robot/workdown/workdown_ws/install/aim_interfaces/lib:${LD_LIBRARY_PATH} PYTHONPATH=/home/vboxuser/robot/workdown/workdown_ws/install/aim_interfaces/local/lib/python3.10/dist-packages:${PYTHONPATH} /usr/bin/cmake --build /home/vboxuser/robot/workdown/workdown_ws/build/image_topic -- -j4 -l4
[0.079s] [35m[1mConsolidate compiler generated dependencies of target Image_Topic_Subscribe[0m
[0.079s] [35m[1mConsolidate compiler generated dependencies of target Image_Topic_Publisher[0m
[0.110s] [ 50%] [32mBuilding CXX object CMakeFiles/Image_Topic_Subscribe.dir/src/subscribe.cpp.o[0m
[0.113s] [ 75%] Built target Image_Topic_Publisher
[2.769s] [01m[K/home/vboxuser/robot/workdown/workdown_ws/image_topic/src/subscribe.cpp:13:55:[m[K [01;31m[Kerror: [m[Kinvalid use of qualified-name â€˜[01m[Kstd::shared_ptr<rclcpp::Node>::aim_target[m[Kâ€™
[2.769s]    13 |     rclcpp::Subscription<aim_interfaces::msg::AimInfo>[01;31m[KSharedPtr[m[K::aim_target;
[2.769s]       |                                                       [01;31m[K^~~~~~~~~[m[K
[2.775s] [01m[K/home/vboxuser/robot/workdown/workdown_ws/image_topic/src/subscribe.cpp:[m[K In constructor â€˜[01m[KImageTopicSubscribe::ImageTopicSubscribe(std::string)[m[Kâ€™:
[2.775s] [01m[K/home/vboxuser/robot/workdown/workdown_ws/image_topic/src/subscribe.cpp:9:9:[m[K [01;31m[Kerror: [m[Kâ€˜[01m[Kaim_target[m[Kâ€™ was not declared in this scope
[2.775s]     9 |         [01;31m[Kaim_target[m[K =this->create_subscription<aim_interfaces::msg::AimInfo>("aim",10,std::bind(&ImageTopicSubscribe::aim_callback,this,placeholders::_1));
[2.776s]       |         [01;31m[K^~~~~~~~~~[m[K
[2.776s] [01m[K/home/vboxuser/robot/workdown/workdown_ws/image_topic/src/subscribe.cpp:9:136:[m[K [01;31m[Kerror: [m[Kâ€˜[01m[Kplaceholders[m[Kâ€™ has not been declared
[2.776s]     9 |         aim_target =this->create_subscription<aim_interfaces::msg::AimInfo>("aim",10,std::bind(&ImageTopicSubscribe::aim_callback,this,[01;31m[Kplaceholders[m[K::_1));
[2.776s]       |                                                                                                                                        [01;31m[K^~~~~~~~~~~~[m[K
[3.273s] gmake[2]: *** [CMakeFiles/Image_Topic_Subscribe.dir/build.make:76ï¼šCMakeFiles/Image_Topic_Subscribe.dir/src/subscribe.cpp.o] é”™è¯¯ 1
[3.274s] gmake[1]: *** [CMakeFiles/Makefile2:165ï¼šCMakeFiles/Image_Topic_Subscribe.dir/all] é”™è¯¯ 2
[3.274s] gmake: *** [Makefile:146ï¼šall] é”™è¯¯ 2
[3.279s] Invoked command in '/home/vboxuser/robot/workdown/workdown_ws/build/image_topic' returned '2': AMENT_PREFIX_PATH=/home/vboxuser/robot/workdown/workdown_ws/install/aim_interfaces:${AMENT_PREFIX_PATH} CMAKE_PREFIX_PATH=/home/vboxuser/robot/workdown/workdown_ws/install/aim_interfaces:/opt/ros/humble LD_LIBRARY_PATH=/home/vboxuser/robot/workdown/workdown_ws/install/aim_interfaces/lib:${LD_LIBRARY_PATH} PYTHONPATH=/home/vboxuser/robot/workdown/workdown_ws/install/aim_interfaces/local/lib/python3.10/dist-packages:${PYTHONPATH} /usr/bin/cmake --build /home/vboxuser/robot/workdown/workdown_ws/build/image_topic -- -j4 -l4
